Started GET "/" for 127.0.0.1 at 2022-06-13 23:18:43 -0400
  [1m[35m (2.1ms)[0m  [1m[34mSELECT sqlite_version(*)[0m
Processing by ApplicationController#hello as HTML
Completed 500 Internal Server Error in 33ms (ActiveRecord: 0.0ms | Allocations: 7612)


  
ActionView::MissingTemplate (Missing template application/hello with {:locale=>[:en], :formats=>[:html], :variants=>[], :handlers=>[:raw, :erb, :html, :builder, :ruby, :jbuilder]}.

Searched in:
  * "/Users/timothycollins/Dropbox/1 Projects/rails-toy-app/app/views"
  * "/Users/timothycollins/.rvm/gems/ruby-3.0.0/gems/actiontext-7.0.3/app/views"
  * "/Users/timothycollins/.rvm/gems/ruby-3.0.0/gems/actionmailbox-7.0.3/app/views"

Did you mean?  rails/conductor/action_mailbox/inbound_emails/new
               rails/conductor/action_mailbox/inbound_emails/sources/new
               rails/conductor/action_mailbox/inbound_emails/show
               layouts/rails/conductor
               layouts/mailer
               layouts/application):
  
app/controllers/application_controller.rb:4:in `hello'
Started GET "/" for 127.0.0.1 at 2022-06-13 23:19:48 -0400
  [1m[35m (0.4ms)[0m  [1m[34mSELECT sqlite_version(*)[0m
Processing by ApplicationController#hello as HTML
Completed 500 Internal Server Error in 5ms (ActiveRecord: 0.0ms | Allocations: 6114)


  
ActionView::MissingTemplate (Missing template application/hello with {:locale=>[:en], :formats=>[:html], :variants=>[], :handlers=>[:raw, :erb, :html, :builder, :ruby, :jbuilder]}.

Searched in:
  * "/Users/timothycollins/Dropbox/1 Projects/rails-toy-app/app/views"
  * "/Users/timothycollins/.rvm/gems/ruby-3.0.0/gems/actiontext-7.0.3/app/views"
  * "/Users/timothycollins/.rvm/gems/ruby-3.0.0/gems/actionmailbox-7.0.3/app/views"

Did you mean?  rails/conductor/action_mailbox/inbound_emails/new
               rails/conductor/action_mailbox/inbound_emails/sources/new
               rails/conductor/action_mailbox/inbound_emails/show
               layouts/rails/conductor
               layouts/mailer
               layouts/application):
  
app/controllers/application_controller.rb:4:in `hello'
Started GET "/" for 127.0.0.1 at 2022-06-13 23:20:12 -0400
Processing by ApplicationController#hello as HTML
Completed 500 Internal Server Error in 2ms (Allocations: 1651)


  
ActionView::MissingTemplate (Missing template application/hello with {:locale=>[:en], :formats=>[:html], :variants=>[], :handlers=>[:raw, :erb, :html, :builder, :ruby, :jbuilder]}.

Searched in:
  * "/Users/timothycollins/Dropbox/1 Projects/rails-toy-app/app/views"
  * "/Users/timothycollins/.rvm/gems/ruby-3.0.0/gems/actiontext-7.0.3/app/views"
  * "/Users/timothycollins/.rvm/gems/ruby-3.0.0/gems/actionmailbox-7.0.3/app/views"

Did you mean?  rails/conductor/action_mailbox/inbound_emails/new
               rails/conductor/action_mailbox/inbound_emails/sources/new
               rails/conductor/action_mailbox/inbound_emails/show
               layouts/rails/conductor
               layouts/mailer
               layouts/application):
  
app/controllers/application_controller.rb:4:in `hello'
Started GET "/" for 127.0.0.1 at 2022-06-13 23:20:44 -0400
Processing by ApplicationController#hello as HTML
  Rendering html template
  Rendered html template (Duration: 0.0ms | Allocations: 8)
Completed 200 OK in 2ms (Views: 1.6ms | Allocations: 931)


